----------------------------------------------------------------
Tue Oct 06 13:58:07 CEST 2020:
Booting Derby version The Apache Software Foundation - Apache Derby - 10.14.2.0 - (1828579): instance a816c00e-0174-fdc4-5c1c-00000168a9e8 
on database directory memory:C:\Workspaces\SpringBootExercises\ExD1\testdb with class loader jdk.internal.loader.ClassLoaders$AppClassLoader@3b192d32 
Loaded from file:/C:/Users/Duser/.m2/repository/org/apache/derby/derby/10.14.2.0/derby-10.14.2.0.jar
java.vendor=Oracle Corporation
java.runtime.version=14.0.2+12-46
user.dir=C:\Workspaces\SpringBootExercises\ExD1
os.name=Windows 10
os.arch=amd64
os.version=10.0
derby.system.home=null
Database Class Loader started - derby.database.classpath=''
----------------------------------------------------------------
Tue Oct 06 15:43:12 CEST 2020:
Shutting down instance a816c00e-0174-fdc4-5c1c-00000168a9e8 on database directory memory:C:\Workspaces\SpringBootExercises\ExD1\testdb with class loader jdk.internal.loader.ClassLoaders$AppClassLoader@3b192d32 
----------------------------------------------------------------
Tue Oct 06 15:43:14 CEST 2020:
Booting Derby version The Apache Software Foundation - Apache Derby - 10.14.2.0 - (1828579): instance 140200f0-0174-fdc4-5c1c-00000168a9e8 
on database directory memory:C:\Workspaces\SpringBootExercises\ExD1\testdb with class loader jdk.internal.loader.ClassLoaders$AppClassLoader@3b192d32 
Loaded from file:/C:/Users/Duser/.m2/repository/org/apache/derby/derby/10.14.2.0/derby-10.14.2.0.jar
java.vendor=Oracle Corporation
java.runtime.version=14.0.2+12-46
user.dir=C:\Workspaces\SpringBootExercises\ExD1
os.name=Windows 10
os.arch=amd64
os.version=10.0
derby.system.home=null
derby.stream.error.method=org.springframework.jdbc.datasource.embedded.OutputStreamFactory.getNoopOutputStream
Database Class Loader started - derby.database.classpath=''
----------------------------------------------------------------
Tue Oct 06 15:45:29 CEST 2020:
Shutting down instance 140200f0-0174-fdc4-5c1c-00000168a9e8 on database directory memory:C:\Workspaces\SpringBootExercises\ExD1\testdb with class loader jdk.internal.loader.ClassLoaders$AppClassLoader@3b192d32 
